<?xml version="1.0" encoding="UTF-8"?>
<testsuite name="com.pc.demos.mapstructdemo.MapstructdemoApplicationTests" tests="1" skipped="0" failures="0" errors="0" timestamp="2020-10-27T02:20:13" hostname="DESKTOP-K4NODM4" time="0.267">
  <properties/>
  <testcase name="contextLoads()" classname="com.pc.demos.mapstructdemo.MapstructdemoApplicationTests" time="0.267"/>
  <system-out><![CDATA[07:50:11.239 [Test worker] DEBUG org.springframework.test.context.BootstrapUtils - Instantiating CacheAwareContextLoaderDelegate from class [org.springframework.test.context.cache.DefaultCacheAwareContextLoaderDelegate]
07:50:11.254 [Test worker] DEBUG org.springframework.test.context.BootstrapUtils - Instantiating BootstrapContext using constructor [public org.springframework.test.context.support.DefaultBootstrapContext(java.lang.Class,org.springframework.test.context.CacheAwareContextLoaderDelegate)]
07:50:11.287 [Test worker] DEBUG org.springframework.test.context.BootstrapUtils - Instantiating TestContextBootstrapper for test class [com.pc.demos.mapstructdemo.MapstructdemoApplicationTests] from class [org.springframework.boot.test.context.SpringBootTestContextBootstrapper]
07:50:11.304 [Test worker] INFO org.springframework.boot.test.context.SpringBootTestContextBootstrapper - Neither @ContextConfiguration nor @ContextHierarchy found for test class [com.pc.demos.mapstructdemo.MapstructdemoApplicationTests], using SpringBootContextLoader
07:50:11.309 [Test worker] DEBUG org.springframework.test.context.support.AbstractContextLoader - Did not detect default resource location for test class [com.pc.demos.mapstructdemo.MapstructdemoApplicationTests]: class path resource [com/pc/demos/mapstructdemo/MapstructdemoApplicationTests-context.xml] does not exist
07:50:11.309 [Test worker] DEBUG org.springframework.test.context.support.AbstractContextLoader - Did not detect default resource location for test class [com.pc.demos.mapstructdemo.MapstructdemoApplicationTests]: class path resource [com/pc/demos/mapstructdemo/MapstructdemoApplicationTestsContext.groovy] does not exist
07:50:11.310 [Test worker] INFO org.springframework.test.context.support.AbstractContextLoader - Could not detect default resource locations for test class [com.pc.demos.mapstructdemo.MapstructdemoApplicationTests]: no resource found for suffixes {-context.xml, Context.groovy}.
07:50:11.310 [Test worker] INFO org.springframework.test.context.support.AnnotationConfigContextLoaderUtils - Could not detect default configuration classes for test class [com.pc.demos.mapstructdemo.MapstructdemoApplicationTests]: MapstructdemoApplicationTests does not declare any static, non-private, non-final, nested classes annotated with @Configuration.
07:50:11.352 [Test worker] DEBUG org.springframework.test.context.support.ActiveProfilesUtils - Could not find an 'annotation declaring class' for annotation type [org.springframework.test.context.ActiveProfiles] and class [com.pc.demos.mapstructdemo.MapstructdemoApplicationTests]
07:50:11.438 [Test worker] DEBUG org.springframework.context.annotation.ClassPathScanningCandidateComponentProvider - Identified candidate component class: file [C:\Users\reena waghela\Downloads\mapstructdemo\mapstructdemo\build\classes\java\main\com\pc\demos\mapstructdemo\MapstructdemoApplication.class]
07:50:11.440 [Test worker] INFO org.springframework.boot.test.context.SpringBootTestContextBootstrapper - Found @SpringBootConfiguration com.pc.demos.mapstructdemo.MapstructdemoApplication for test class com.pc.demos.mapstructdemo.MapstructdemoApplicationTests
07:50:11.580 [Test worker] DEBUG org.springframework.boot.test.context.SpringBootTestContextBootstrapper - @TestExecutionListeners is not present for class [com.pc.demos.mapstructdemo.MapstructdemoApplicationTests]: using defaults.
07:50:11.581 [Test worker] INFO org.springframework.boot.test.context.SpringBootTestContextBootstrapper - Loaded default TestExecutionListener class names from location [META-INF/spring.factories]: [org.springframework.boot.test.autoconfigure.restdocs.RestDocsTestExecutionListener, org.springframework.boot.test.autoconfigure.web.client.MockRestServiceServerResetTestExecutionListener, org.springframework.boot.test.autoconfigure.web.servlet.MockMvcPrintOnlyOnFailureTestExecutionListener, org.springframework.boot.test.autoconfigure.web.servlet.WebDriverTestExecutionListener, org.springframework.boot.test.autoconfigure.webservices.client.MockWebServiceServerTestExecutionListener, org.springframework.boot.test.mock.mockito.MockitoTestExecutionListener, org.springframework.boot.test.mock.mockito.ResetMocksTestExecutionListener, org.springframework.test.context.web.ServletTestExecutionListener, org.springframework.test.context.support.DirtiesContextBeforeModesTestExecutionListener, org.springframework.test.context.support.DependencyInjectionTestExecutionListener, org.springframework.test.context.support.DirtiesContextTestExecutionListener, org.springframework.test.context.transaction.TransactionalTestExecutionListener, org.springframework.test.context.jdbc.SqlScriptsTestExecutionListener, org.springframework.test.context.event.EventPublishingTestExecutionListener]
07:50:11.597 [Test worker] DEBUG org.springframework.boot.test.context.SpringBootTestContextBootstrapper - Skipping candidate TestExecutionListener [org.springframework.test.context.transaction.TransactionalTestExecutionListener] due to a missing dependency. Specify custom listener classes or make the default listener classes and their required dependencies available. Offending class: [org/springframework/transaction/interceptor/TransactionAttributeSource]
07:50:11.598 [Test worker] DEBUG org.springframework.boot.test.context.SpringBootTestContextBootstrapper - Skipping candidate TestExecutionListener [org.springframework.test.context.jdbc.SqlScriptsTestExecutionListener] due to a missing dependency. Specify custom listener classes or make the default listener classes and their required dependencies available. Offending class: [org/springframework/transaction/interceptor/TransactionAttribute]
07:50:11.599 [Test worker] INFO org.springframework.boot.test.context.SpringBootTestContextBootstrapper - Using TestExecutionListeners: [org.springframework.test.context.web.ServletTestExecutionListener@40bd960e, org.springframework.test.context.support.DirtiesContextBeforeModesTestExecutionListener@284ffc30, org.springframework.boot.test.mock.mockito.MockitoTestExecutionListener@473412c6, org.springframework.boot.test.autoconfigure.SpringBootDependencyInjectionTestExecutionListener@57fb1724, org.springframework.test.context.support.DirtiesContextTestExecutionListener@7bdae633, org.springframework.test.context.event.EventPublishingTestExecutionListener@2ca32b04, org.springframework.boot.test.autoconfigure.restdocs.RestDocsTestExecutionListener@4b66ae74, org.springframework.boot.test.autoconfigure.web.client.MockRestServiceServerResetTestExecutionListener@442bd20b, org.springframework.boot.test.autoconfigure.web.servlet.MockMvcPrintOnlyOnFailureTestExecutionListener@68ec4fc3, org.springframework.boot.test.autoconfigure.web.servlet.WebDriverTestExecutionListener@5d22b2d1, org.springframework.boot.test.autoconfigure.webservices.client.MockWebServiceServerTestExecutionListener@2349a20f, org.springframework.boot.test.mock.mockito.ResetMocksTestExecutionListener@39e897e7]
07:50:11.604 [Test worker] DEBUG org.springframework.test.context.support.AbstractDirtiesContextTestExecutionListener - Before test class: context [DefaultTestContext@531ccbad testClass = MapstructdemoApplicationTests, testInstance = [null], testMethod = [null], testException = [null], mergedContextConfiguration = [WebMergedContextConfiguration@7279df5e testClass = MapstructdemoApplicationTests, locations = '{}', classes = '{class com.pc.demos.mapstructdemo.MapstructdemoApplication}', contextInitializerClasses = '[]', activeProfiles = '{}', propertySourceLocations = '{}', propertySourceProperties = '{org.springframework.boot.test.context.SpringBootTestContextBootstrapper=true}', contextCustomizers = set[org.springframework.boot.test.autoconfigure.properties.PropertyMappingContextCustomizer@0, org.springframework.boot.test.autoconfigure.web.servlet.WebDriverContextCustomizerFactory$Customizer@1a0dfa95, org.springframework.boot.test.context.filter.ExcludeFilterContextCustomizer@4d63ddf3, org.springframework.boot.test.json.DuplicateJsonObjectContextCustomizerFactory$DuplicateJsonObjectContextCustomizer@496063f, org.springframework.boot.test.mock.mockito.MockitoContextCustomizer@0, org.springframework.boot.test.web.client.TestRestTemplateContextCustomizer@21b92c7b, org.springframework.boot.test.context.SpringBootTestArgs@1], resourceBasePath = 'src/main/webapp', contextLoader = 'org.springframework.boot.test.context.SpringBootContextLoader', parent = [null]], attributes = map['org.springframework.test.context.web.ServletTestExecutionListener.activateListener' -> true]], class annotated with @DirtiesContext [false] with mode [null].
07:50:11.635 [Test worker] DEBUG org.springframework.test.context.support.TestPropertySourceUtils - Adding inlined properties to environment: {spring.jmx.enabled=false, org.springframework.boot.test.context.SpringBootTestContextBootstrapper=true}

  .   ____          _            __ _ _
 /\\ / ___'_ __ _ _(_)_ __  __ _ \ \ \ \
( ( )\___ | '_ | '_| | '_ \/ _` | \ \ \ \
 \\/  ___)| |_)| | | | | || (_| |  ) ) ) )
  '  |____| .__|_| |_|_| |_\__, | / / / /
 =========|_|==============|___/=/_/_/_/
 :: Spring Boot ::        (v2.3.4.RELEASE)

2020-10-27 07:50:11.878  INFO 22844 --- [    Test worker] c.p.d.m.MapstructdemoApplicationTests    : Starting MapstructdemoApplicationTests on DESKTOP-K4NODM4 with PID 22844 (started by reena waghela in C:\Users\reena waghela\Downloads\mapstructdemo\mapstructdemo)
2020-10-27 07:50:11.879  INFO 22844 --- [    Test worker] c.p.d.m.MapstructdemoApplicationTests    : No active profile set, falling back to default profiles: default
2020-10-27 07:50:12.979  INFO 22844 --- [    Test worker] o.s.s.concurrent.ThreadPoolTaskExecutor  : Initializing ExecutorService 'applicationTaskExecutor'
2020-10-27 07:50:13.242  INFO 22844 --- [    Test worker] c.p.d.m.MapstructdemoApplicationTests    : Started MapstructdemoApplicationTests in 1.599 seconds (JVM running for 3.129)
]]></system-out>
  <system-err><![CDATA[]]></system-err>
</testsuite>
